{"level":"error","message":"에러"}
{"level":"warn","message":"경고"}
{"level":"info","message":"정보"}
{"level":"error","message":"에러"}
{"level":"warn","message":"경고"}
{"level":"info","message":"정보"}
{"level":"http","message":"통신"}
{"level":"error","message":"에러"}
{"level":"warn","message":"경고"}
{"level":"info","message":"정보"}
{"level":"error","message":"에러"}
{"level":"warn","message":"경고"}
{"level":"info","message":"정보"}
{"level":"error","message":"에러"}
{"level":"warn","message":"경고"}
{"level":"info","message":"정보"}
{"level":"error","message":"에러","timestamp":"2022-09-02 10:41:34"}
{"level":"warn","message":"경고","timestamp":"2022-09-02 10:41:34"}
{"level":"info","message":"정보","timestamp":"2022-09-02 10:41:34"}
{"level":"error","message":"에러","timestamp":"2022-09-02 10:51:04"}
{"level":"warn","message":"경고","timestamp":"2022-09-02 10:51:04"}
{"level":"info","message":"정보","timestamp":"2022-09-02 10:51:04"}
{"level":"error","message":"에러","timestamp":"2022-09-02 10:55:02"}
{"level":"warn","message":"경고","timestamp":"2022-09-02 10:55:02"}
{"level":"info","message":"정보","timestamp":"2022-09-02 10:55:02"}
{"level":"error","message":"에러","timestamp":"2022-09-02 10:55:32"}
{"level":"warn","message":"경고","timestamp":"2022-09-02 10:55:32"}
{"level":"info","message":"정보","timestamp":"2022-09-02 10:55:32"}
{"level":"error","message":"에러","timestamp":"2022-09-02 10:56:44"}
{"level":"warn","message":"경고","timestamp":"2022-09-02 10:56:44"}
{"level":"info","message":"정보","timestamp":"2022-09-02 10:56:44"}
{"level":"error","message":"에러","timestamp":"2022-09-02 10:57:00"}
{"level":"warn","message":"경고","timestamp":"2022-09-02 10:57:00"}
{"level":"info","message":"정보","timestamp":"2022-09-02 10:57:00"}
{"level":"error","message":"에러","timestamp":"2022-09-02 10:57:01"}
{"level":"warn","message":"경고","timestamp":"2022-09-02 10:57:01"}
{"level":"info","message":"정보","timestamp":"2022-09-02 10:57:01"}
{"level":"error","message":"에러","timestamp":"2022-09-02 10:57:01"}
{"level":"warn","message":"경고","timestamp":"2022-09-02 10:57:01"}
{"level":"info","message":"정보","timestamp":"2022-09-02 10:57:01"}
{"level":"error","message":"에러","timestamp":"2022-09-02 10:57:01"}
{"level":"warn","message":"경고","timestamp":"2022-09-02 10:57:01"}
{"level":"info","message":"정보","timestamp":"2022-09-02 10:57:01"}
{"level":"error","message":"에러","timestamp":"2022-09-02 10:57:02"}
{"level":"warn","message":"경고","timestamp":"2022-09-02 10:57:02"}
{"level":"info","message":"정보","timestamp":"2022-09-02 10:57:02"}
{"level":"error","message":"에러","timestamp":"2022-09-02 10:57:02"}
{"level":"warn","message":"경고","timestamp":"2022-09-02 10:57:02"}
{"level":"info","message":"정보","timestamp":"2022-09-02 10:57:02"}
{"level":"error","message":"에러","timestamp":"2022-09-02 10:57:02"}
{"level":"warn","message":"경고","timestamp":"2022-09-02 10:57:02"}
{"level":"info","message":"정보","timestamp":"2022-09-02 10:57:02"}
{"level":"error","message":"에러","timestamp":"2022-09-02 10:57:02"}
{"level":"warn","message":"경고","timestamp":"2022-09-02 10:57:02"}
{"level":"info","message":"정보","timestamp":"2022-09-02 10:57:02"}
{"level":"error","message":"에러","timestamp":"2022-09-02 10:57:02"}
{"level":"warn","message":"경고","timestamp":"2022-09-02 10:57:02"}
{"level":"info","message":"정보","timestamp":"2022-09-02 10:57:02"}
{"level":"error","message":"에러","timestamp":"2022-09-02 10:57:02"}
{"level":"warn","message":"경고","timestamp":"2022-09-02 10:57:02"}
{"level":"info","message":"정보","timestamp":"2022-09-02 10:57:02"}
{"level":"error","message":"에러","timestamp":"2022-09-02 10:57:03"}
{"level":"warn","message":"경고","timestamp":"2022-09-02 10:57:03"}
{"level":"info","message":"정보","timestamp":"2022-09-02 10:57:03"}
{"level":"error","message":"에러","timestamp":"2022-09-02 10:57:03"}
{"level":"warn","message":"경고","timestamp":"2022-09-02 10:57:03"}
{"level":"info","message":"정보","timestamp":"2022-09-02 10:57:03"}
{"level":"error","message":"에러","timestamp":"2022-09-02 10:57:03"}
{"level":"warn","message":"경고","timestamp":"2022-09-02 10:57:03"}
{"level":"info","message":"정보","timestamp":"2022-09-02 10:57:03"}
{"level":"error","message":"에러","timestamp":"2022-09-02 10:57:47"}
{"level":"warn","message":"경고","timestamp":"2022-09-02 10:57:47"}
{"level":"info","message":"정보","timestamp":"2022-09-02 10:57:47"}
